<?xml version="1.0" encoding="UTF-8"?>
<!-- Generated by org.testng.reporters.JUnitXMLReporter -->
<testsuite ignored="0" hostname="ELW3174" failures="0" tests="3" name="TestRun2" time="126.938" errors="0" timestamp="2025-02-26T22:16:41 IST">
  <testcase classname="VtigerApp.A2_CreateCampaignTest" name="A2_CreateCampaignTest" time="45.557"/>
  <testcase classname="VtigerApp.A2_CreateCampaignTest" name="m2" time="0.003"/>
  <testcase classname="VtigerApp.A2_CreateCampaignTest" name="m3" time="0.003"/>
</testsuite> <!-- TestRun2 -->
