<?xml version="1.0" encoding="UTF-8"?>
<!-- Generated by org.testng.reporters.JUnitXMLReporter -->
<testsuite ignored="4" hostname="ELW3174" failures="0" tests="4" name="Test" time="63.413" errors="0" timestamp="2025-02-25T15:16:12 IST">
  <testcase classname="VtigerApp.A5_CreateProductAndDeleteTest" name="A5_CreateProductAndDelete" time="13.716"/>
  <testcase classname="VtigerApp.A4_CreateCampaignWithProductTest" name="A4_CreateCampaignWithProductTest" time="21.039"/>
  <testcase classname="VtigerApp.A4_CreateCampaignWithProductTest" name="testGroupingRR" time="0.004"/>
  <testcase classname="VtigerApp.A4_CreateCampaignWithProductTest" name="testWithoutGroupingRR" time="0.005"/>
  <testcase classname="Generic_Utility.BaseClass" name="@BeforeSuite BS" time="0.0">
    <ignored/>
  </testcase> <!-- @BeforeSuite BS -->
  <testcase classname="Generic_Utility.BaseClass" name="@BeforeTest BT" time="0.0">
    <ignored/>
  </testcase> <!-- @BeforeTest BT -->
  <testcase classname="Generic_Utility.BaseClass" name="@AfterSuite AS" time="0.0">
    <ignored/>
  </testcase> <!-- @AfterSuite AS -->
  <testcase classname="Generic_Utility.BaseClass" name="@AfterTest AT" time="0.0">
    <ignored/>
  </testcase> <!-- @AfterTest AT -->
</testsuite> <!-- Test -->
