<?xml version="1.0" encoding="UTF-8"?>
<testng-results ignored="0" total="1" passed="1" failed="0" skipped="0">
  <reporter-output>
  </reporter-output>
  <suite started-at="2025-03-06T19:14:51 IST" name="Default suite" finished-at="2025-03-06T19:15:10 IST" duration-ms="18889">
    <groups>
    </groups>
    <test started-at="2025-03-06T19:14:51 IST" name="Default test" finished-at="2025-03-06T19:15:10 IST" duration-ms="18889">
      <class name="VtigerApp.A5_CreateProductAndDeleteTest">
        <test-method is-config="true" signature="BS()[pri:0, instance:VtigerApp.A5_CreateProductAndDeleteTest@6c64cb25]" started-at="2025-03-06T19:14:51 IST" name="BS" finished-at="2025-03-06T19:14:51 IST" duration-ms="11" status="PASS">
          <reporter-output>
          </reporter-output>
        </test-method> <!-- BS -->
        <test-method is-config="true" signature="BT()[pri:0, instance:VtigerApp.A5_CreateProductAndDeleteTest@6c64cb25]" started-at="2025-03-06T19:14:51 IST" name="BT" finished-at="2025-03-06T19:14:51 IST" duration-ms="1" status="PASS">
          <reporter-output>
          </reporter-output>
        </test-method> <!-- BT -->
        <test-method is-config="true" signature="BC()[pri:0, instance:VtigerApp.A5_CreateProductAndDeleteTest@6c64cb25]" started-at="2025-03-06T19:14:51 IST" name="BC" finished-at="2025-03-06T19:14:53 IST" duration-ms="1993" status="PASS">
          <reporter-output>
          </reporter-output>
        </test-method> <!-- BC -->
        <test-method is-config="true" signature="BM()[pri:0, instance:VtigerApp.A5_CreateProductAndDeleteTest@6c64cb25]" started-at="2025-03-06T19:14:53 IST" name="BM" finished-at="2025-03-06T19:14:56 IST" duration-ms="3012" status="PASS">
          <reporter-output>
          </reporter-output>
        </test-method> <!-- BM -->
        <test-method signature="A5_CreateProductAndDelete()[pri:0, instance:VtigerApp.A5_CreateProductAndDeleteTest@6c64cb25]" started-at="2025-03-06T19:14:56 IST" name="A5_CreateProductAndDelete" finished-at="2025-03-06T19:15:08 IST" duration-ms="12152" status="PASS">
          <reporter-output>
          </reporter-output>
        </test-method> <!-- A5_CreateProductAndDelete -->
        <test-method is-config="true" signature="AM()[pri:0, instance:VtigerApp.A5_CreateProductAndDeleteTest@6c64cb25]" started-at="2025-03-06T19:15:09 IST" name="AM" finished-at="2025-03-06T19:15:09 IST" duration-ms="949" status="PASS">
          <reporter-output>
          </reporter-output>
        </test-method> <!-- AM -->
        <test-method is-config="true" signature="AC()[pri:0, instance:VtigerApp.A5_CreateProductAndDeleteTest@6c64cb25]" started-at="2025-03-06T19:15:09 IST" name="AC" finished-at="2025-03-06T19:15:10 IST" duration-ms="735" status="PASS">
          <reporter-output>
          </reporter-output>
        </test-method> <!-- AC -->
        <test-method is-config="true" signature="AT()[pri:0, instance:VtigerApp.A5_CreateProductAndDeleteTest@6c64cb25]" started-at="2025-03-06T19:15:10 IST" name="AT" finished-at="2025-03-06T19:15:10 IST" duration-ms="1" status="PASS">
          <reporter-output>
          </reporter-output>
        </test-method> <!-- AT -->
        <test-method is-config="true" signature="AS()[pri:0, instance:VtigerApp.A5_CreateProductAndDeleteTest@6c64cb25]" started-at="2025-03-06T19:15:10 IST" name="AS" finished-at="2025-03-06T19:15:10 IST" duration-ms="1" status="PASS">
          <reporter-output>
          </reporter-output>
        </test-method> <!-- AS -->
      </class> <!-- VtigerApp.A5_CreateProductAndDeleteTest -->
    </test> <!-- Default test -->
  </suite> <!-- Default suite -->
</testng-results>
